mode: atomic
github.com/Wayneoween/alfred-dndbeyond-monster-workflow/cmd/alfred-dndbeyond-monster-workflow/main.go:48.13,61.2 3 0
github.com/Wayneoween/alfred-dndbeyond-monster-workflow/cmd/alfred-dndbeyond-monster-workflow/main.go:63.24,67.17 3 0
github.com/Wayneoween/alfred-dndbeyond-monster-workflow/cmd/alfred-dndbeyond-monster-workflow/main.go:67.17,77.115 4 0
github.com/Wayneoween/alfred-dndbeyond-monster-workflow/cmd/alfred-dndbeyond-monster-workflow/main.go:77.115,79.4 1 0
github.com/Wayneoween/alfred-dndbeyond-monster-workflow/cmd/alfred-dndbeyond-monster-workflow/main.go:81.3,81.9 1 0
github.com/Wayneoween/alfred-dndbeyond-monster-workflow/cmd/alfred-dndbeyond-monster-workflow/main.go:85.12,96.38 5 0
github.com/Wayneoween/alfred-dndbeyond-monster-workflow/cmd/alfred-dndbeyond-monster-workflow/main.go:96.38,98.3 1 0
github.com/Wayneoween/alfred-dndbeyond-monster-workflow/cmd/alfred-dndbeyond-monster-workflow/main.go:100.2,104.46 3 0
github.com/Wayneoween/alfred-dndbeyond-monster-workflow/cmd/alfred-dndbeyond-monster-workflow/main.go:104.46,106.75 2 0
github.com/Wayneoween/alfred-dndbeyond-monster-workflow/cmd/alfred-dndbeyond-monster-workflow/main.go:106.75,108.4 1 0
github.com/Wayneoween/alfred-dndbeyond-monster-workflow/cmd/alfred-dndbeyond-monster-workflow/main.go:109.3,109.57 1 0
github.com/Wayneoween/alfred-dndbeyond-monster-workflow/cmd/alfred-dndbeyond-monster-workflow/main.go:112.2,112.87 1 0
github.com/Wayneoween/alfred-dndbeyond-monster-workflow/cmd/alfred-dndbeyond-monster-workflow/main.go:112.87,119.17 5 0
github.com/Wayneoween/alfred-dndbeyond-monster-workflow/cmd/alfred-dndbeyond-monster-workflow/main.go:119.17,121.4 1 0
github.com/Wayneoween/alfred-dndbeyond-monster-workflow/cmd/alfred-dndbeyond-monster-workflow/main.go:123.3,126.17 3 0
github.com/Wayneoween/alfred-dndbeyond-monster-workflow/cmd/alfred-dndbeyond-monster-workflow/main.go:126.17,128.4 1 0
github.com/Wayneoween/alfred-dndbeyond-monster-workflow/cmd/alfred-dndbeyond-monster-workflow/main.go:130.3,139.33 5 0
github.com/Wayneoween/alfred-dndbeyond-monster-workflow/cmd/alfred-dndbeyond-monster-workflow/main.go:139.33,144.45 3 0
github.com/Wayneoween/alfred-dndbeyond-monster-workflow/cmd/alfred-dndbeyond-monster-workflow/main.go:144.45,147.23 2 0
github.com/Wayneoween/alfred-dndbeyond-monster-workflow/cmd/alfred-dndbeyond-monster-workflow/main.go:147.23,149.6 1 0
github.com/Wayneoween/alfred-dndbeyond-monster-workflow/cmd/alfred-dndbeyond-monster-workflow/main.go:151.5,151.28 1 0
github.com/Wayneoween/alfred-dndbeyond-monster-workflow/cmd/alfred-dndbeyond-monster-workflow/main.go:151.28,152.66 1 0
github.com/Wayneoween/alfred-dndbeyond-monster-workflow/cmd/alfred-dndbeyond-monster-workflow/main.go:152.66,154.15 2 0
github.com/Wayneoween/alfred-dndbeyond-monster-workflow/cmd/alfred-dndbeyond-monster-workflow/main.go:158.5,158.53 1 0
github.com/Wayneoween/alfred-dndbeyond-monster-workflow/cmd/alfred-dndbeyond-monster-workflow/main.go:158.53,165.74 2 0
github.com/Wayneoween/alfred-dndbeyond-monster-workflow/cmd/alfred-dndbeyond-monster-workflow/main.go:165.74,168.15 3 0
github.com/Wayneoween/alfred-dndbeyond-monster-workflow/cmd/alfred-dndbeyond-monster-workflow/main.go:171.6,177.40 6 0
github.com/Wayneoween/alfred-dndbeyond-monster-workflow/cmd/alfred-dndbeyond-monster-workflow/main.go:178.11,181.6 2 0
github.com/Wayneoween/alfred-dndbeyond-monster-workflow/cmd/alfred-dndbeyond-monster-workflow/main.go:186.3,186.25 1 0
github.com/Wayneoween/alfred-dndbeyond-monster-workflow/cmd/alfred-dndbeyond-monster-workflow/main.go:186.25,189.107 3 0
github.com/Wayneoween/alfred-dndbeyond-monster-workflow/cmd/alfred-dndbeyond-monster-workflow/main.go:189.107,191.5 1 0
github.com/Wayneoween/alfred-dndbeyond-monster-workflow/cmd/alfred-dndbeyond-monster-workflow/main.go:196.2,196.24 1 0
github.com/Wayneoween/alfred-dndbeyond-monster-workflow/cmd/alfred-dndbeyond-monster-workflow/main.go:196.24,197.20 1 0
github.com/Wayneoween/alfred-dndbeyond-monster-workflow/cmd/alfred-dndbeyond-monster-workflow/main.go:197.20,199.4 1 0
github.com/Wayneoween/alfred-dndbeyond-monster-workflow/cmd/alfred-dndbeyond-monster-workflow/main.go:199.9,201.4 1 0
github.com/Wayneoween/alfred-dndbeyond-monster-workflow/cmd/alfred-dndbeyond-monster-workflow/main.go:202.8,204.33 1 0
github.com/Wayneoween/alfred-dndbeyond-monster-workflow/cmd/alfred-dndbeyond-monster-workflow/main.go:204.33,206.21 1 0
github.com/Wayneoween/alfred-dndbeyond-monster-workflow/cmd/alfred-dndbeyond-monster-workflow/main.go:206.21,210.60 3 0
github.com/Wayneoween/alfred-dndbeyond-monster-workflow/cmd/alfred-dndbeyond-monster-workflow/main.go:210.60,212.6 1 0
github.com/Wayneoween/alfred-dndbeyond-monster-workflow/cmd/alfred-dndbeyond-monster-workflow/main.go:212.11,214.6 1 0
github.com/Wayneoween/alfred-dndbeyond-monster-workflow/cmd/alfred-dndbeyond-monster-workflow/main.go:215.5,215.27 1 0
github.com/Wayneoween/alfred-dndbeyond-monster-workflow/cmd/alfred-dndbeyond-monster-workflow/main.go:215.27,217.6 1 0
github.com/Wayneoween/alfred-dndbeyond-monster-workflow/cmd/alfred-dndbeyond-monster-workflow/main.go:217.11,219.6 1 0
github.com/Wayneoween/alfred-dndbeyond-monster-workflow/cmd/alfred-dndbeyond-monster-workflow/main.go:220.5,225.17 1 0
github.com/Wayneoween/alfred-dndbeyond-monster-workflow/cmd/alfred-dndbeyond-monster-workflow/main.go:226.10,240.5 6 0
github.com/Wayneoween/alfred-dndbeyond-monster-workflow/cmd/alfred-dndbeyond-monster-workflow/main.go:244.2,244.13 1 0
github.com/Wayneoween/alfred-dndbeyond-monster-workflow/cmd/alfred-dndbeyond-monster-workflow/main.go:244.13,247.45 3 0
github.com/Wayneoween/alfred-dndbeyond-monster-workflow/cmd/alfred-dndbeyond-monster-workflow/main.go:247.45,249.4 1 0
github.com/Wayneoween/alfred-dndbeyond-monster-workflow/cmd/alfred-dndbeyond-monster-workflow/main.go:251.3,251.9 1 0
github.com/Wayneoween/alfred-dndbeyond-monster-workflow/cmd/alfred-dndbeyond-monster-workflow/main.go:254.2,254.57 1 0
github.com/Wayneoween/alfred-dndbeyond-monster-workflow/cmd/alfred-dndbeyond-monster-workflow/main.go:254.57,258.64 3 0
github.com/Wayneoween/alfred-dndbeyond-monster-workflow/cmd/alfred-dndbeyond-monster-workflow/main.go:258.64,260.4 1 0
github.com/Wayneoween/alfred-dndbeyond-monster-workflow/cmd/alfred-dndbeyond-monster-workflow/main.go:264.2,264.41 1 0
github.com/Wayneoween/alfred-dndbeyond-monster-workflow/cmd/alfred-dndbeyond-monster-workflow/main.go:264.41,283.3 2 0
github.com/Wayneoween/alfred-dndbeyond-monster-workflow/cmd/alfred-dndbeyond-monster-workflow/main.go:285.2,286.19 2 0
github.com/Wayneoween/alfred-dndbeyond-monster-workflow/cmd/alfred-dndbeyond-monster-workflow/main.go:289.13,294.2 2 0
github.com/Wayneoween/alfred-dndbeyond-monster-workflow/internal/icons/icons.go:48.43,49.38 1 19
github.com/Wayneoween/alfred-dndbeyond-monster-workflow/internal/icons/icons.go:50.20,51.21 1 3
github.com/Wayneoween/alfred-dndbeyond-monster-workflow/internal/icons/icons.go:52.15,53.16 1 1
github.com/Wayneoween/alfred-dndbeyond-monster-workflow/internal/icons/icons.go:54.19,55.20 1 1
github.com/Wayneoween/alfred-dndbeyond-monster-workflow/internal/icons/icons.go:56.19,57.20 1 1
github.com/Wayneoween/alfred-dndbeyond-monster-workflow/internal/icons/icons.go:58.16,59.17 1 1
github.com/Wayneoween/alfred-dndbeyond-monster-workflow/internal/icons/icons.go:60.19,61.20 1 1
github.com/Wayneoween/alfred-dndbeyond-monster-workflow/internal/icons/icons.go:62.13,63.13 1 1
github.com/Wayneoween/alfred-dndbeyond-monster-workflow/internal/icons/icons.go:64.15,65.16 1 1
github.com/Wayneoween/alfred-dndbeyond-monster-workflow/internal/icons/icons.go:66.15,67.16 1 1
github.com/Wayneoween/alfred-dndbeyond-monster-workflow/internal/icons/icons.go:68.18,69.19 1 1
github.com/Wayneoween/alfred-dndbeyond-monster-workflow/internal/icons/icons.go:70.21,71.23 1 1
github.com/Wayneoween/alfred-dndbeyond-monster-workflow/internal/icons/icons.go:72.14,73.15 1 1
github.com/Wayneoween/alfred-dndbeyond-monster-workflow/internal/icons/icons.go:74.15,75.16 1 1
github.com/Wayneoween/alfred-dndbeyond-monster-workflow/internal/icons/icons.go:76.16,77.16 1 1
github.com/Wayneoween/alfred-dndbeyond-monster-workflow/internal/icons/icons.go:78.10,79.17 1 3
github.com/Wayneoween/alfred-dndbeyond-monster-workflow/internal/sources/sources.go:32.55,33.26 1 11
github.com/Wayneoween/alfred-dndbeyond-monster-workflow/internal/sources/sources.go:33.26,34.27 1 18
github.com/Wayneoween/alfred-dndbeyond-monster-workflow/internal/sources/sources.go:34.27,35.14 1 36
github.com/Wayneoween/alfred-dndbeyond-monster-workflow/internal/sources/sources.go:35.14,37.5 1 6
github.com/Wayneoween/alfred-dndbeyond-monster-workflow/internal/sources/sources.go:40.2,40.14 1 5
